  [1m[36m (0.0ms)[0m  [1mSHOW search_path[0m
  [1m[35m (41.0ms)[0m  CREATE TABLE "schema_migrations" ("version" character varying(255) NOT NULL) 
  [1m[36m (3.0ms)[0m  [1m SELECT distinct i.relname, d.indisunique, d.indkey, t.oid
 FROM pg_class t
 INNER JOIN pg_index d ON t.oid = d.indrelid
 INNER JOIN pg_class i ON d.indexrelid = i.oid
 WHERE i.relkind = 'i'
 AND d.indisprimary = 'f'
 AND t.relname = 'schema_migrations'
 AND i.relnamespace IN (SELECT oid FROM pg_namespace WHERE nspname = ANY (current_schemas(false)) )
 ORDER BY i.relname
[0m
  [1m[35m (60.0ms)[0m  CREATE UNIQUE INDEX "unique_schema_migrations" ON "schema_migrations" ("version")
  [1m[36m (1.0ms)[0m  [1mSELECT "schema_migrations"."version" FROM "schema_migrations" [0m
Migrating to CreateUsers (20111208160043)
  [1m[35m (0.0ms)[0m  BEGIN
  [1m[36m (165.0ms)[0m  [1mCREATE TABLE "users" ("id" serial primary key, "name" character varying(255), "email" character varying(255), "created_at" timestamp, "updated_at" timestamp) [0m
  [1m[35m (14.0ms)[0m  INSERT INTO "schema_migrations" ("version") VALUES ('20111208160043')
  [1m[36m (1.0ms)[0m  [1mCOMMIT[0m
  [1m[35m (0.0ms)[0m  SHOW search_path
  [1m[36m (0.0ms)[0m  [1mSELECT "schema_migrations"."version" FROM "schema_migrations" [0m
  [1m[35m (2.0ms)[0m   SELECT distinct i.relname, d.indisunique, d.indkey, t.oid
 FROM pg_class t
 INNER JOIN pg_index d ON t.oid = d.indrelid
 INNER JOIN pg_class i ON d.indexrelid = i.oid
 WHERE i.relkind = 'i'
 AND d.indisprimary = 'f'
 AND t.relname = 'users'
 AND i.relnamespace IN (SELECT oid FROM pg_namespace WHERE nspname = ANY (current_schemas(false)) )
 ORDER BY i.relname
  [1m[36m (0.0ms)[0m  [1mSHOW search_path[0m
  [1m[35m (0.0ms)[0m  SELECT "schema_migrations"."version" FROM "schema_migrations" 
Migrating to CreateUsers (20111208160043)
  [1m[36m (0.0ms)[0m  [1mSHOW search_path[0m
  [1m[35m (1.0ms)[0m  SELECT "schema_migrations"."version" FROM "schema_migrations" 
  [1m[36m (1.0ms)[0m  [1m SELECT distinct i.relname, d.indisunique, d.indkey, t.oid
 FROM pg_class t
 INNER JOIN pg_index d ON t.oid = d.indrelid
 INNER JOIN pg_class i ON d.indexrelid = i.oid
 WHERE i.relkind = 'i'
 AND d.indisprimary = 'f'
 AND t.relname = 'users'
 AND i.relnamespace IN (SELECT oid FROM pg_namespace WHERE nspname = ANY (current_schemas(false)) )
 ORDER BY i.relname
[0m


Started GET "/assets/rails.png" for 127.0.0.1 at 2011-12-08 11:20:13 -0500
Served asset /rails.png - 304 Not Modified (131ms)


Started GET "/users" for 127.0.0.1 at 2011-12-08 11:21:29 -0500
  [1m[36m (0.0ms)[0m  [1mSHOW search_path[0m
  Processing by UsersController#index as HTML
  [1m[35mUser Load (1.0ms)[0m  SELECT "users".* FROM "users" 
Rendered users/index.html.erb within layouts/application (38.0ms)
Compiled application.css  (3ms)  (pid 6304)
Compiled scaffolds.css  (50ms)  (pid 6304)
Compiled users.css  (49ms)  (pid 6304)
Compiled application.js  (14ms)  (pid 6304)
Compiled jquery.js  (30ms)  (pid 6304)
Compiled jquery_ujs.js  (24ms)  (pid 6304)
Compiled users.js  (741ms)  (pid 6304)
Completed 200 OK in 2093ms (Views: 2088.2ms | ActiveRecord: 1.0ms)


Started GET "/assets/application.css?body=1" for 127.0.0.1 at 2011-12-08 11:21:32 -0500
Served asset /application.css - 200 OK (1ms)


Started GET "/assets/application.js?body=1" for 127.0.0.1 at 2011-12-08 11:21:32 -0500
Served asset /application.js - 200 OK (0ms)


Started GET "/assets/jquery.js?body=1" for 127.0.0.1 at 2011-12-08 11:21:32 -0500
Served asset /jquery.js - 200 OK (35ms)


Started GET "/assets/scaffolds.css?body=1" for 127.0.0.1 at 2011-12-08 11:21:32 -0500
Served asset /scaffolds.css - 200 OK (5ms)


Started GET "/assets/users.css?body=1" for 127.0.0.1 at 2011-12-08 11:21:32 -0500
Served asset /users.css - 200 OK (3ms)


Started GET "/assets/jquery_ujs.js?body=1" for 127.0.0.1 at 2011-12-08 11:21:32 -0500
Served asset /jquery_ujs.js - 200 OK (2ms)


Started GET "/assets/users.js?body=1" for 127.0.0.1 at 2011-12-08 11:21:32 -0500
Served asset /users.js - 200 OK (3ms)


Started GET "/users/new" for 127.0.0.1 at 2011-12-08 11:21:56 -0500
  Processing by UsersController#new as HTML
Rendered users/_form.html.erb (9.0ms)
Rendered users/new.html.erb within layouts/application (62.0ms)
Completed 200 OK in 73ms (Views: 71.0ms | ActiveRecord: 1.0ms)


Started GET "/assets/users.css?body=1" for 127.0.0.1 at 2011-12-08 11:21:56 -0500
Served asset /users.css - 304 Not Modified (0ms)


Started GET "/assets/jquery_ujs.js?body=1" for 127.0.0.1 at 2011-12-08 11:21:56 -0500
Served asset /jquery_ujs.js - 304 Not Modified (0ms)


Started GET "/assets/jquery.js?body=1" for 127.0.0.1 at 2011-12-08 11:21:56 -0500
Served asset /jquery.js - 304 Not Modified (1ms)


Started GET "/assets/scaffolds.css?body=1" for 127.0.0.1 at 2011-12-08 11:21:56 -0500
Served asset /scaffolds.css - 304 Not Modified (0ms)


Started GET "/assets/users.js?body=1" for 127.0.0.1 at 2011-12-08 11:21:56 -0500
Served asset /users.js - 304 Not Modified (0ms)


Started GET "/assets/application.css?body=1" for 127.0.0.1 at 2011-12-08 11:21:56 -0500
Served asset /application.css - 304 Not Modified (0ms)


Started GET "/assets/application.js?body=1" for 127.0.0.1 at 2011-12-08 11:21:56 -0500
Served asset /application.js - 304 Not Modified (0ms)


Started POST "/users" for 127.0.0.1 at 2011-12-08 11:22:06 -0500
  Processing by UsersController#create as HTML
  Parameters: {"utf8"=>"✓", "authenticity_token"=>"BvSOM3HNpyDsxX2uyZvrOKeUztGHH58LfhTc/blPH8k=", "user"=>{"name"=>"Greg Funk", "email"=>"gfunk@apangea.com"}, "commit"=>"Create User"}
  [1m[36m (0.0ms)[0m  [1mBEGIN[0m
  [1m[35mSQL (97.0ms)[0m  INSERT INTO "users" ("created_at", "email", "name", "updated_at") VALUES ($1, $2, $3, $4) RETURNING "id"  [["created_at", Thu, 08 Dec 2011 16:22:06 UTC +00:00], ["email", "gfunk@apangea.com"], ["name", "Greg Funk"], ["updated_at", Thu, 08 Dec 2011 16:22:06 UTC +00:00]]
  [1m[36m (1.0ms)[0m  [1mCOMMIT[0m
Redirected to http://localhost:3000/users/1
Completed 302 Found in 107ms


Started GET "/users/1" for 127.0.0.1 at 2011-12-08 11:22:07 -0500
  Processing by UsersController#show as HTML
  Parameters: {"id"=>"1"}
  [1m[35mUser Load (1.0ms)[0m  SELECT "users".* FROM "users" WHERE "users"."id" = $1 LIMIT 1  [["id", "1"]]
Rendered users/show.html.erb within layouts/application (5.0ms)
Completed 200 OK in 19ms (Views: 15.0ms | ActiveRecord: 3.0ms)


Started GET "/assets/scaffolds.css?body=1" for 127.0.0.1 at 2011-12-08 11:22:07 -0500
Served asset /scaffolds.css - 304 Not Modified (0ms)


Started GET "/assets/users.css?body=1" for 127.0.0.1 at 2011-12-08 11:22:07 -0500
Served asset /users.css - 304 Not Modified (0ms)


Started GET "/assets/jquery.js?body=1" for 127.0.0.1 at 2011-12-08 11:22:07 -0500
Served asset /jquery.js - 304 Not Modified (0ms)


Started GET "/assets/application.css?body=1" for 127.0.0.1 at 2011-12-08 11:22:07 -0500
Served asset /application.css - 304 Not Modified (0ms)


Started GET "/assets/jquery_ujs.js?body=1" for 127.0.0.1 at 2011-12-08 11:22:07 -0500
Served asset /jquery_ujs.js - 304 Not Modified (0ms)


Started GET "/assets/users.js?body=1" for 127.0.0.1 at 2011-12-08 11:22:07 -0500
Served asset /users.js - 304 Not Modified (0ms)


Started GET "/assets/application.js?body=1" for 127.0.0.1 at 2011-12-08 11:22:07 -0500
Served asset /application.js - 304 Not Modified (1ms)


Started GET "/users" for 127.0.0.1 at 2011-12-08 11:22:13 -0500
  Processing by UsersController#index as HTML
  [1m[36mUser Load (1.0ms)[0m  [1mSELECT "users".* FROM "users" [0m
Rendered users/index.html.erb within layouts/application (6.0ms)
Completed 200 OK in 22ms (Views: 18.0ms | ActiveRecord: 4.0ms)


Started GET "/assets/application.css?body=1" for 127.0.0.1 at 2011-12-08 11:22:13 -0500
Served asset /application.css - 304 Not Modified (0ms)


Started GET "/assets/scaffolds.css?body=1" for 127.0.0.1 at 2011-12-08 11:22:13 -0500
Served asset /scaffolds.css - 304 Not Modified (0ms)


Started GET "/assets/users.css?body=1" for 127.0.0.1 at 2011-12-08 11:22:13 -0500
Served asset /users.css - 304 Not Modified (0ms)


Started GET "/assets/jquery_ujs.js?body=1" for 127.0.0.1 at 2011-12-08 11:22:13 -0500
Served asset /jquery_ujs.js - 304 Not Modified (1ms)


Started GET "/assets/jquery.js?body=1" for 127.0.0.1 at 2011-12-08 11:22:13 -0500
Served asset /jquery.js - 304 Not Modified (0ms)


Started GET "/assets/users.js?body=1" for 127.0.0.1 at 2011-12-08 11:22:13 -0500
Served asset /users.js - 304 Not Modified (0ms)


Started GET "/assets/application.js?body=1" for 127.0.0.1 at 2011-12-08 11:22:13 -0500
Served asset /application.js - 304 Not Modified (0ms)


Started GET "/users/1" for 127.0.0.1 at 2011-12-08 11:23:20 -0500
  Processing by UsersController#show as HTML
  Parameters: {"id"=>"1"}
  [1m[35mUser Load (1.0ms)[0m  SELECT "users".* FROM "users" WHERE "users"."id" = $1 LIMIT 1  [["id", "1"]]
Rendered users/show.html.erb within layouts/application (5.0ms)
Completed 200 OK in 19ms (Views: 15.0ms | ActiveRecord: 2.0ms)


Started GET "/assets/application.css?body=1" for 127.0.0.1 at 2011-12-08 11:23:20 -0500
Served asset /application.css - 304 Not Modified (1ms)


Started GET "/assets/users.css?body=1" for 127.0.0.1 at 2011-12-08 11:23:20 -0500
Served asset /users.css - 304 Not Modified (0ms)


Started GET "/assets/jquery_ujs.js?body=1" for 127.0.0.1 at 2011-12-08 11:23:20 -0500
Served asset /jquery_ujs.js - 304 Not Modified (1ms)


Started GET "/assets/scaffolds.css?body=1" for 127.0.0.1 at 2011-12-08 11:23:20 -0500
Served asset /scaffolds.css - 304 Not Modified (0ms)


Started GET "/assets/users.js?body=1" for 127.0.0.1 at 2011-12-08 11:23:20 -0500
Served asset /users.js - 304 Not Modified (0ms)


Started GET "/assets/jquery.js?body=1" for 127.0.0.1 at 2011-12-08 11:23:20 -0500
Served asset /jquery.js - 304 Not Modified (0ms)


Started GET "/assets/application.js?body=1" for 127.0.0.1 at 2011-12-08 11:23:20 -0500
Served asset /application.js - 304 Not Modified (0ms)


Started GET "/users" for 127.0.0.1 at 2011-12-08 11:24:41 -0500
  Processing by UsersController#index as HTML
  [1m[36mUser Load (1.0ms)[0m  [1mSELECT "users".* FROM "users" [0m
Rendered users/index.html.erb within layouts/application (6.0ms)
Completed 200 OK in 20ms (Views: 16.0ms | ActiveRecord: 3.0ms)


Started GET "/assets/scaffolds.css?body=1" for 127.0.0.1 at 2011-12-08 11:24:41 -0500
Served asset /scaffolds.css - 304 Not Modified (0ms)


Started GET "/assets/application.css?body=1" for 127.0.0.1 at 2011-12-08 11:24:41 -0500
Served asset /application.css - 304 Not Modified (0ms)


Started GET "/assets/users.css?body=1" for 127.0.0.1 at 2011-12-08 11:24:41 -0500
Served asset /users.css - 304 Not Modified (1ms)


Started GET "/assets/jquery_ujs.js?body=1" for 127.0.0.1 at 2011-12-08 11:24:41 -0500
Served asset /jquery_ujs.js - 304 Not Modified (0ms)


Started GET "/assets/jquery.js?body=1" for 127.0.0.1 at 2011-12-08 11:24:41 -0500
Served asset /jquery.js - 304 Not Modified (1ms)


Started GET "/assets/application.js?body=1" for 127.0.0.1 at 2011-12-08 11:24:41 -0500
Served asset /application.js - 304 Not Modified (0ms)


Started GET "/assets/users.js?body=1" for 127.0.0.1 at 2011-12-08 11:24:41 -0500
Served asset /users.js - 304 Not Modified (0ms)


Started GET "/users/new" for 127.0.0.1 at 2011-12-08 11:24:42 -0500
  Processing by UsersController#new as HTML
Rendered users/_form.html.erb (24.0ms)
Rendered users/new.html.erb within layouts/application (26.0ms)
Completed 200 OK in 37ms (Views: 20.0ms | ActiveRecord: 16.0ms)


Started GET "/assets/scaffolds.css?body=1" for 127.0.0.1 at 2011-12-08 11:24:42 -0500
Served asset /scaffolds.css - 304 Not Modified (0ms)


Started GET "/assets/jquery.js?body=1" for 127.0.0.1 at 2011-12-08 11:24:42 -0500
Served asset /jquery.js - 304 Not Modified (0ms)


Started GET "/assets/users.css?body=1" for 127.0.0.1 at 2011-12-08 11:24:42 -0500
Served asset /users.css - 304 Not Modified (0ms)


Started GET "/assets/application.css?body=1" for 127.0.0.1 at 2011-12-08 11:24:42 -0500
Served asset /application.css - 304 Not Modified (0ms)


Started GET "/assets/jquery_ujs.js?body=1" for 127.0.0.1 at 2011-12-08 11:24:42 -0500
Served asset /jquery_ujs.js - 304 Not Modified (0ms)


Started GET "/assets/application.js?body=1" for 127.0.0.1 at 2011-12-08 11:24:42 -0500
Served asset /application.js - 304 Not Modified (1ms)


Started GET "/assets/users.js?body=1" for 127.0.0.1 at 2011-12-08 11:24:42 -0500
Served asset /users.js - 304 Not Modified (0ms)


Started POST "/users" for 127.0.0.1 at 2011-12-08 11:24:53 -0500
  Processing by UsersController#create as HTML
  Parameters: {"utf8"=>"✓", "authenticity_token"=>"BvSOM3HNpyDsxX2uyZvrOKeUztGHH58LfhTc/blPH8k=", "user"=>{"name"=>"Niki Funk", "email"=>"snort126@gmail.com"}, "commit"=>"Create User"}
  [1m[35m (0.0ms)[0m  BEGIN
  [1m[36mSQL (1.0ms)[0m  [1mINSERT INTO "users" ("created_at", "email", "name", "updated_at") VALUES ($1, $2, $3, $4) RETURNING "id"[0m  [["created_at", Thu, 08 Dec 2011 16:24:53 UTC +00:00], ["email", "snort126@gmail.com"], ["name", "Niki Funk"], ["updated_at", Thu, 08 Dec 2011 16:24:53 UTC +00:00]]
  [1m[35m (1.0ms)[0m  COMMIT
Redirected to http://localhost:3000/users/2
Completed 302 Found in 10ms


Started GET "/users/2" for 127.0.0.1 at 2011-12-08 11:24:53 -0500
  Processing by UsersController#show as HTML
  Parameters: {"id"=>"2"}
  [1m[36mUser Load (0.0ms)[0m  [1mSELECT "users".* FROM "users" WHERE "users"."id" = $1 LIMIT 1[0m  [["id", "2"]]
Rendered users/show.html.erb within layouts/application (5.0ms)
Completed 200 OK in 20ms (Views: 16.0ms | ActiveRecord: 1.0ms)


Started GET "/assets/application.css?body=1" for 127.0.0.1 at 2011-12-08 11:24:53 -0500
Served asset /application.css - 304 Not Modified (1ms)


Started GET "/assets/scaffolds.css?body=1" for 127.0.0.1 at 2011-12-08 11:24:53 -0500
Served asset /scaffolds.css - 304 Not Modified (0ms)


Started GET "/assets/users.css?body=1" for 127.0.0.1 at 2011-12-08 11:24:53 -0500
Served asset /users.css - 304 Not Modified (0ms)


Started GET "/assets/jquery.js?body=1" for 127.0.0.1 at 2011-12-08 11:24:53 -0500
Served asset /jquery.js - 304 Not Modified (0ms)


Started GET "/assets/jquery_ujs.js?body=1" for 127.0.0.1 at 2011-12-08 11:24:53 -0500
Served asset /jquery_ujs.js - 304 Not Modified (0ms)


Started GET "/assets/users.js?body=1" for 127.0.0.1 at 2011-12-08 11:24:53 -0500
Served asset /users.js - 304 Not Modified (0ms)


Started GET "/assets/application.js?body=1" for 127.0.0.1 at 2011-12-08 11:24:53 -0500
Served asset /application.js - 304 Not Modified (1ms)


Started GET "/users" for 127.0.0.1 at 2011-12-08 11:24:55 -0500
  Processing by UsersController#index as HTML
  [1m[35mUser Load (0.0ms)[0m  SELECT "users".* FROM "users" 
Rendered users/index.html.erb within layouts/application (7.0ms)
Completed 200 OK in 21ms (Views: 17.0ms | ActiveRecord: 2.0ms)


Started GET "/assets/scaffolds.css?body=1" for 127.0.0.1 at 2011-12-08 11:24:55 -0500
Served asset /scaffolds.css - 304 Not Modified (0ms)


Started GET "/assets/users.css?body=1" for 127.0.0.1 at 2011-12-08 11:24:55 -0500
Served asset /users.css - 304 Not Modified (0ms)


Started GET "/assets/application.css?body=1" for 127.0.0.1 at 2011-12-08 11:24:55 -0500
Served asset /application.css - 304 Not Modified (0ms)


Started GET "/assets/jquery.js?body=1" for 127.0.0.1 at 2011-12-08 11:24:55 -0500
Served asset /jquery.js - 304 Not Modified (0ms)


Started GET "/assets/jquery_ujs.js?body=1" for 127.0.0.1 at 2011-12-08 11:24:55 -0500
Served asset /jquery_ujs.js - 304 Not Modified (0ms)


Started GET "/assets/users.js?body=1" for 127.0.0.1 at 2011-12-08 11:24:55 -0500
Served asset /users.js - 304 Not Modified (1ms)


Started GET "/assets/application.js?body=1" for 127.0.0.1 at 2011-12-08 11:24:55 -0500
Served asset /application.js - 304 Not Modified (0ms)
  [1m[36m (0.0ms)[0m  [1mSHOW search_path[0m
  [1m[35m (1.0ms)[0m  SELECT "schema_migrations"."version" FROM "schema_migrations" 
Migrating to CreateUsers (20111208160043)
Migrating to CreateMicroposts (20111208164547)
  [1m[36m (0.0ms)[0m  [1mBEGIN[0m
  [1m[35m (36.0ms)[0m  CREATE TABLE "microposts" ("id" serial primary key, "content" character varying(255), "user_id" integer, "created_at" timestamp, "updated_at" timestamp) 
  [1m[36m (0.0ms)[0m  [1mINSERT INTO "schema_migrations" ("version") VALUES ('20111208164547')[0m
  [1m[35m (1.0ms)[0m  COMMIT
  [1m[36m (0.0ms)[0m  [1mSHOW search_path[0m
  [1m[35m (0.0ms)[0m  SELECT "schema_migrations"."version" FROM "schema_migrations" 
  [1m[36m (2.0ms)[0m  [1m SELECT distinct i.relname, d.indisunique, d.indkey, t.oid
 FROM pg_class t
 INNER JOIN pg_index d ON t.oid = d.indrelid
 INNER JOIN pg_class i ON d.indexrelid = i.oid
 WHERE i.relkind = 'i'
 AND d.indisprimary = 'f'
 AND t.relname = 'microposts'
 AND i.relnamespace IN (SELECT oid FROM pg_namespace WHERE nspname = ANY (current_schemas(false)) )
 ORDER BY i.relname
[0m
  [1m[35m (1.0ms)[0m   SELECT distinct i.relname, d.indisunique, d.indkey, t.oid
 FROM pg_class t
 INNER JOIN pg_index d ON t.oid = d.indrelid
 INNER JOIN pg_class i ON d.indexrelid = i.oid
 WHERE i.relkind = 'i'
 AND d.indisprimary = 'f'
 AND t.relname = 'users'
 AND i.relnamespace IN (SELECT oid FROM pg_namespace WHERE nspname = ANY (current_schemas(false)) )
 ORDER BY i.relname


Started GET "/microposts/new" for 127.0.0.1 at 2011-12-08 11:49:32 -0500
  Processing by MicropostsController#new as HTML
Rendered microposts/_form.html.erb (23.0ms)
Rendered microposts/new.html.erb within layouts/application (26.0ms)
Compiled application.css  (1ms)  (pid 6304)
Compiled microposts.css  (85ms)  (pid 6304)
Compiled application.js  (5ms)  (pid 6304)
Compiled microposts.js  (345ms)  (pid 6304)
Completed 200 OK in 975ms (Views: 959.1ms | ActiveRecord: 16.0ms)


Started GET "/assets/application.css?body=1" for 127.0.0.1 at 2011-12-08 11:49:33 -0500
Served asset /application.css - 304 Not Modified (0ms)


Started GET "/assets/microposts.css?body=1" for 127.0.0.1 at 2011-12-08 11:49:33 -0500
Served asset /microposts.css - 200 OK (2ms)


Started GET "/assets/scaffolds.css?body=1" for 127.0.0.1 at 2011-12-08 11:49:33 -0500
Served asset /scaffolds.css - 304 Not Modified (0ms)


Started GET "/assets/users.css?body=1" for 127.0.0.1 at 2011-12-08 11:49:33 -0500
Served asset /users.css - 304 Not Modified (0ms)


Started GET "/assets/jquery.js?body=1" for 127.0.0.1 at 2011-12-08 11:49:33 -0500
Served asset /jquery.js - 304 Not Modified (0ms)


Started GET "/assets/jquery_ujs.js?body=1" for 127.0.0.1 at 2011-12-08 11:49:33 -0500
Served asset /jquery_ujs.js - 304 Not Modified (1ms)


Started GET "/assets/microposts.js?body=1" for 127.0.0.1 at 2011-12-08 11:49:33 -0500
Served asset /microposts.js - 200 OK (1ms)


Started GET "/assets/users.js?body=1" for 127.0.0.1 at 2011-12-08 11:49:33 -0500
Served asset /users.js - 304 Not Modified (0ms)


Started GET "/assets/application.js?body=1" for 127.0.0.1 at 2011-12-08 11:49:33 -0500
Served asset /application.js - 200 OK (0ms)


Started POST "/microposts" for 127.0.0.1 at 2011-12-08 11:49:39 -0500
  Processing by MicropostsController#create as HTML
  Parameters: {"utf8"=>"✓", "authenticity_token"=>"BvSOM3HNpyDsxX2uyZvrOKeUztGHH58LfhTc/blPH8k=", "micropost"=>{"content"=>"First!", "user_id"=>"1"}, "commit"=>"Create Micropost"}
  [1m[36m (0.0ms)[0m  [1mBEGIN[0m
  [1m[35mSQL (1.0ms)[0m  INSERT INTO "microposts" ("content", "created_at", "updated_at", "user_id") VALUES ($1, $2, $3, $4) RETURNING "id"  [["content", "First!"], ["created_at", Thu, 08 Dec 2011 16:49:39 UTC +00:00], ["updated_at", Thu, 08 Dec 2011 16:49:39 UTC +00:00], ["user_id", 1]]
  [1m[36m (1.0ms)[0m  [1mCOMMIT[0m
Redirected to http://localhost:3000/microposts/1
Completed 302 Found in 13ms


Started GET "/microposts/1" for 127.0.0.1 at 2011-12-08 11:49:40 -0500
  Processing by MicropostsController#show as HTML
  Parameters: {"id"=>"1"}
  [1m[35mMicropost Load (0.0ms)[0m  SELECT "microposts".* FROM "microposts" WHERE "microposts"."id" = $1 LIMIT 1  [["id", "1"]]
Rendered microposts/show.html.erb within layouts/application (5.0ms)
Completed 200 OK in 19ms (Views: 16.0ms | ActiveRecord: 1.0ms)


Started GET "/assets/application.css?body=1" for 127.0.0.1 at 2011-12-08 11:49:40 -0500
Served asset /application.css - 304 Not Modified (0ms)


Started GET "/assets/users.css?body=1" for 127.0.0.1 at 2011-12-08 11:49:40 -0500
Served asset /users.css - 304 Not Modified (0ms)


Started GET "/assets/jquery_ujs.js?body=1" for 127.0.0.1 at 2011-12-08 11:49:40 -0500
Served asset /jquery_ujs.js - 304 Not Modified (0ms)


Started GET "/assets/microposts.css?body=1" for 127.0.0.1 at 2011-12-08 11:49:40 -0500
Served asset /microposts.css - 304 Not Modified (0ms)


Started GET "/assets/scaffolds.css?body=1" for 127.0.0.1 at 2011-12-08 11:49:40 -0500
Served asset /scaffolds.css - 304 Not Modified (0ms)


Started GET "/assets/jquery.js?body=1" for 127.0.0.1 at 2011-12-08 11:49:40 -0500
Served asset /jquery.js - 304 Not Modified (0ms)


Started GET "/assets/microposts.js?body=1" for 127.0.0.1 at 2011-12-08 11:49:40 -0500
Served asset /microposts.js - 304 Not Modified (0ms)


Started GET "/assets/users.js?body=1" for 127.0.0.1 at 2011-12-08 11:49:40 -0500
Served asset /users.js - 304 Not Modified (0ms)


Started GET "/assets/application.js?body=1" for 127.0.0.1 at 2011-12-08 11:49:40 -0500
Served asset /application.js - 304 Not Modified (0ms)


Started GET "/microposts" for 127.0.0.1 at 2011-12-08 11:49:43 -0500
  Processing by MicropostsController#index as HTML
  [1m[36mMicropost Load (0.0ms)[0m  [1mSELECT "microposts".* FROM "microposts" [0m
Rendered microposts/index.html.erb within layouts/application (7.0ms)
Completed 200 OK in 25ms (Views: 18.0ms | ActiveRecord: 6.0ms)


Started GET "/assets/microposts.css?body=1" for 127.0.0.1 at 2011-12-08 11:49:43 -0500
Served asset /microposts.css - 304 Not Modified (0ms)


Started GET "/assets/scaffolds.css?body=1" for 127.0.0.1 at 2011-12-08 11:49:43 -0500
Served asset /scaffolds.css - 304 Not Modified (0ms)


Started GET "/assets/jquery.js?body=1" for 127.0.0.1 at 2011-12-08 11:49:43 -0500
Served asset /jquery.js - 304 Not Modified (0ms)


Started GET "/assets/users.css?body=1" for 127.0.0.1 at 2011-12-08 11:49:43 -0500
Served asset /users.css - 304 Not Modified (0ms)


Started GET "/assets/jquery_ujs.js?body=1" for 127.0.0.1 at 2011-12-08 11:49:43 -0500
Served asset /jquery_ujs.js - 304 Not Modified (0ms)


Started GET "/assets/application.css?body=1" for 127.0.0.1 at 2011-12-08 11:49:43 -0500
Served asset /application.css - 304 Not Modified (0ms)


Started GET "/assets/microposts.js?body=1" for 127.0.0.1 at 2011-12-08 11:49:43 -0500
Served asset /microposts.js - 304 Not Modified (0ms)


Started GET "/assets/users.js?body=1" for 127.0.0.1 at 2011-12-08 11:49:43 -0500
Served asset /users.js - 304 Not Modified (0ms)


Started GET "/assets/application.js?body=1" for 127.0.0.1 at 2011-12-08 11:49:43 -0500
Served asset /application.js - 304 Not Modified (0ms)


Started GET "/microposts/new" for 127.0.0.1 at 2011-12-08 11:50:01 -0500
  Processing by MicropostsController#new as HTML
Rendered microposts/_form.html.erb (8.0ms)
Rendered microposts/new.html.erb within layouts/application (11.0ms)
Completed 200 OK in 40ms (Views: 37.0ms | ActiveRecord: 2.0ms)


Started GET "/assets/application.css?body=1" for 127.0.0.1 at 2011-12-08 11:50:01 -0500
Served asset /application.css - 304 Not Modified (0ms)


Started GET "/assets/microposts.css?body=1" for 127.0.0.1 at 2011-12-08 11:50:01 -0500
Served asset /microposts.css - 304 Not Modified (0ms)


Started GET "/assets/scaffolds.css?body=1" for 127.0.0.1 at 2011-12-08 11:50:01 -0500
Served asset /scaffolds.css - 304 Not Modified (0ms)


Started GET "/assets/users.css?body=1" for 127.0.0.1 at 2011-12-08 11:50:01 -0500
Served asset /users.css - 304 Not Modified (0ms)


Started GET "/assets/jquery.js?body=1" for 127.0.0.1 at 2011-12-08 11:50:01 -0500
Served asset /jquery.js - 304 Not Modified (0ms)


Started GET "/assets/microposts.js?body=1" for 127.0.0.1 at 2011-12-08 11:50:01 -0500
Served asset /microposts.js - 304 Not Modified (0ms)


Started GET "/assets/users.js?body=1" for 127.0.0.1 at 2011-12-08 11:50:01 -0500
Served asset /users.js - 304 Not Modified (0ms)


Started GET "/assets/application.js?body=1" for 127.0.0.1 at 2011-12-08 11:50:01 -0500
Served asset /application.js - 304 Not Modified (0ms)


Started GET "/assets/jquery_ujs.js?body=1" for 127.0.0.1 at 2011-12-08 11:50:02 -0500
Served asset /jquery_ujs.js - 304 Not Modified (0ms)


Started POST "/microposts" for 127.0.0.1 at 2011-12-08 11:50:07 -0500
  Processing by MicropostsController#create as HTML
  Parameters: {"utf8"=>"✓", "authenticity_token"=>"BvSOM3HNpyDsxX2uyZvrOKeUztGHH58LfhTc/blPH8k=", "micropost"=>{"content"=>"And another", "user_id"=>"1"}, "commit"=>"Create Micropost"}
  [1m[35m (0.0ms)[0m  BEGIN
  [1m[36mSQL (1.0ms)[0m  [1mINSERT INTO "microposts" ("content", "created_at", "updated_at", "user_id") VALUES ($1, $2, $3, $4) RETURNING "id"[0m  [["content", "And another"], ["created_at", Thu, 08 Dec 2011 16:50:07 UTC +00:00], ["updated_at", Thu, 08 Dec 2011 16:50:07 UTC +00:00], ["user_id", 1]]
  [1m[35m (2.0ms)[0m  COMMIT
Redirected to http://localhost:3000/microposts/2
Completed 302 Found in 12ms


Started GET "/microposts/2" for 127.0.0.1 at 2011-12-08 11:50:07 -0500
  Processing by MicropostsController#show as HTML
  Parameters: {"id"=>"2"}
  [1m[36mMicropost Load (0.0ms)[0m  [1mSELECT "microposts".* FROM "microposts" WHERE "microposts"."id" = $1 LIMIT 1[0m  [["id", "2"]]
Rendered microposts/show.html.erb within layouts/application (5.0ms)
Completed 200 OK in 21ms (Views: 17.0ms | ActiveRecord: 1.0ms)


Started GET "/assets/application.css?body=1" for 127.0.0.1 at 2011-12-08 11:50:07 -0500
Served asset /application.css - 304 Not Modified (0ms)


Started GET "/assets/users.css?body=1" for 127.0.0.1 at 2011-12-08 11:50:07 -0500
Served asset /users.css - 304 Not Modified (0ms)


Started GET "/assets/scaffolds.css?body=1" for 127.0.0.1 at 2011-12-08 11:50:07 -0500
Served asset /scaffolds.css - 304 Not Modified (0ms)


Started GET "/assets/microposts.css?body=1" for 127.0.0.1 at 2011-12-08 11:50:07 -0500
Served asset /microposts.css - 304 Not Modified (0ms)


Started GET "/assets/jquery_ujs.js?body=1" for 127.0.0.1 at 2011-12-08 11:50:07 -0500
Served asset /jquery_ujs.js - 304 Not Modified (0ms)


Started GET "/assets/jquery.js?body=1" for 127.0.0.1 at 2011-12-08 11:50:07 -0500
Served asset /jquery.js - 304 Not Modified (0ms)


Started GET "/assets/users.js?body=1" for 127.0.0.1 at 2011-12-08 11:50:07 -0500
Served asset /users.js - 304 Not Modified (0ms)


Started GET "/assets/application.js?body=1" for 127.0.0.1 at 2011-12-08 11:50:07 -0500
Served asset /application.js - 304 Not Modified (0ms)


Started GET "/assets/microposts.js?body=1" for 127.0.0.1 at 2011-12-08 11:50:07 -0500
Served asset /microposts.js - 304 Not Modified (0ms)


Started GET "/microposts/2/edit" for 127.0.0.1 at 2011-12-08 11:53:05 -0500
  Processing by MicropostsController#edit as HTML
  Parameters: {"id"=>"2"}
  [1m[35mMicropost Load (0.0ms)[0m  SELECT "microposts".* FROM "microposts" WHERE "microposts"."id" = $1 LIMIT 1  [["id", "2"]]
Rendered microposts/_form.html.erb (21.0ms)
Rendered microposts/edit.html.erb within layouts/application (24.0ms)
Completed 200 OK in 38ms (Views: 34.0ms | ActiveRecord: 1.0ms)


Started GET "/assets/application.css?body=1" for 127.0.0.1 at 2011-12-08 11:53:05 -0500
Served asset /application.css - 304 Not Modified (2ms)


Started GET "/assets/microposts.css?body=1" for 127.0.0.1 at 2011-12-08 11:53:05 -0500
Served asset /microposts.css - 304 Not Modified (0ms)


Started GET "/assets/scaffolds.css?body=1" for 127.0.0.1 at 2011-12-08 11:53:05 -0500
Served asset /scaffolds.css - 304 Not Modified (1ms)


Started GET "/assets/jquery.js?body=1" for 127.0.0.1 at 2011-12-08 11:53:05 -0500
Served asset /jquery.js - 304 Not Modified (0ms)


Started GET "/assets/users.css?body=1" for 127.0.0.1 at 2011-12-08 11:53:05 -0500
Served asset /users.css - 304 Not Modified (0ms)


Started GET "/assets/microposts.js?body=1" for 127.0.0.1 at 2011-12-08 11:53:05 -0500
Served asset /microposts.js - 304 Not Modified (0ms)


Started GET "/assets/jquery_ujs.js?body=1" for 127.0.0.1 at 2011-12-08 11:53:05 -0500
Served asset /jquery_ujs.js - 304 Not Modified (0ms)


Started GET "/assets/application.js?body=1" for 127.0.0.1 at 2011-12-08 11:53:05 -0500
Served asset /application.js - 304 Not Modified (0ms)


Started GET "/assets/users.js?body=1" for 127.0.0.1 at 2011-12-08 11:53:05 -0500
Served asset /users.js - 304 Not Modified (0ms)


Started PUT "/microposts/2" for 127.0.0.1 at 2011-12-08 11:53:17 -0500
  Processing by MicropostsController#update as HTML
  Parameters: {"utf8"=>"✓", "authenticity_token"=>"BvSOM3HNpyDsxX2uyZvrOKeUztGHH58LfhTc/blPH8k=", "micropost"=>{"content"=>"And another asdl;fhkasdfhakljdhfakldfklasdhfkajsdhfkjlasdhfklasdhfklasjdhfklajsdhflkajsdhflkajsdhflkasjdhflaksjdfhlaksdjfhalksjdhflakjsdhflakjsdhflakjsdfhalksdjfhalksdjfhalksdjfhalksdjfhalskdjfhalksdjfh", "user_id"=>"1"}, "commit"=>"Update Micropost", "id"=>"2"}
  [1m[36mMicropost Load (0.0ms)[0m  [1mSELECT "microposts".* FROM "microposts" WHERE "microposts"."id" = $1 LIMIT 1[0m  [["id", "2"]]
  [1m[35m (0.0ms)[0m  BEGIN
  [1m[36m (0.0ms)[0m  [1mROLLBACK[0m
Rendered microposts/_form.html.erb (2.0ms)
Rendered microposts/edit.html.erb within layouts/application (5.0ms)
Completed 200 OK in 26ms (Views: 17.0ms | ActiveRecord: 2.0ms)


Started GET "/assets/application.css?body=1" for 127.0.0.1 at 2011-12-08 11:53:17 -0500
Served asset /application.css - 304 Not Modified (1ms)


Started GET "/assets/microposts.css?body=1" for 127.0.0.1 at 2011-12-08 11:53:17 -0500
Served asset /microposts.css - 304 Not Modified (0ms)


Started GET "/assets/users.css?body=1" for 127.0.0.1 at 2011-12-08 11:53:17 -0500
Served asset /users.css - 304 Not Modified (0ms)


Started GET "/assets/scaffolds.css?body=1" for 127.0.0.1 at 2011-12-08 11:53:17 -0500
Served asset /scaffolds.css - 304 Not Modified (0ms)


Started GET "/assets/jquery.js?body=1" for 127.0.0.1 at 2011-12-08 11:53:17 -0500
Served asset /jquery.js - 304 Not Modified (0ms)


Started GET "/assets/jquery_ujs.js?body=1" for 127.0.0.1 at 2011-12-08 11:53:17 -0500
Served asset /jquery_ujs.js - 304 Not Modified (0ms)


Started GET "/assets/microposts.js?body=1" for 127.0.0.1 at 2011-12-08 11:53:17 -0500
Served asset /microposts.js - 304 Not Modified (0ms)


Started GET "/assets/users.js?body=1" for 127.0.0.1 at 2011-12-08 11:53:17 -0500
Served asset /users.js - 304 Not Modified (0ms)


Started GET "/assets/application.js?body=1" for 127.0.0.1 at 2011-12-08 11:53:17 -0500
Served asset /application.js - 304 Not Modified (0ms)
